<?xml version="1.0" encoding="UTF-8"?>
<!-- Generated by org.testng.reporters.JUnitReportReporter -->
<testsuite hostname="DESKTOP-FLB6TBG" failures="0" tests="2" name="com.herokuapp.theinternet.PositiveTests" time="19.251" errors="0" timestamp="23 Apr 2023 13:53:54 GMT" skipped="0">
  <testcase classname="com.herokuapp.theinternet.PositiveTests" name="alexTestsSomethingElse" time="7.410"/>
  <testcase classname="com.herokuapp.theinternet.PositiveTests" name="loginTest" time="11.841"/>
</testsuite> <!-- com.herokuapp.theinternet.PositiveTests -->
